0 info it worked if it ends with ok
1 verbose cli [ 'node', '/usr/local/bin/npm', 'install', '-g', 'n' ]
2 info using npm@2.10.1
3 info using node@v0.12.4
4 verbose install initial load of /usr/local/lib/package.json
5 verbose readDependencies loading dependencies from /usr/local/lib/package.json
6 silly cache add args [ 'n', null ]
7 verbose cache add spec n
8 silly cache add parsed spec { raw: 'n',
8 silly cache add   scope: null,
8 silly cache add   name: 'n',
8 silly cache add   rawSpec: '',
8 silly cache add   spec: '*',
8 silly cache add   type: 'range' }
9 silly addNamed n@*
10 verbose addNamed "*" is a valid semver range for n
11 silly addNameRange { name: 'n', range: '*', hasData: false }
12 silly mapToRegistry name n
13 silly mapToRegistry using default registry
14 silly mapToRegistry registry https://registry.npmjs.org/
15 silly mapToRegistry uri https://registry.npmjs.org/n
16 verbose addNameRange registry:https://registry.npmjs.org/n not in flight; fetching
17 verbose request uri https://registry.npmjs.org/n
18 verbose request no auth needed
19 info attempt registry request try #1 at 12:46:47
20 verbose request id 8a4a20020f010726
21 http request GET https://registry.npmjs.org/n
22 http 200 https://registry.npmjs.org/n
23 silly get cb [ 200,
23 silly get   { 'content-type': 'application/json; charset=UTF-8',
23 silly get     server: 'UploadServer',
23 silly get     'cache-control': 'max-age=300',
23 silly get     'last-modified': 'Wed, 7 Mar 2018 21:11:36 GMT',
23 silly get     etag: '"5aa05588-11758"',
23 silly get     'x-npm-region': 'US-West',
23 silly get     'content-encoding': 'gzip',
23 silly get     'content-length': '11954',
23 silly get     'accept-ranges': 'bytes',
23 silly get     date: 'Mon, 09 Apr 2018 04:46:48 GMT',
23 silly get     via: '1.1 varnish',
23 silly get     age: '4445',
23 silly get     connection: 'keep-alive',
23 silly get     'x-served-by': 'cache-sjc3125-SJC',
23 silly get     'x-cache': 'HIT',
23 silly get     'x-cache-hits': '1',
23 silly get     'x-timer': 'S1523249208.316899,VS0,VE1',
23 silly get     vary: 'Accept-Encoding, Accept' } ]
24 verbose get saving n to /Users/liuxiaqi/.npm/registry.npmjs.org/n/.cache.json
25 silly addNameRange number 2 { name: 'n', range: '*', hasData: true }
26 silly addNameRange versions [ 'n',
26 silly addNameRange   [ '0.0.1',
26 silly addNameRange     '0.0.2',
26 silly addNameRange     '0.0.3',
26 silly addNameRange     '0.0.4',
26 silly addNameRange     '0.1.0',
26 silly addNameRange     '0.1.1',
26 silly addNameRange     '0.1.2',
26 silly addNameRange     '0.2.0',
26 silly addNameRange     '0.2.1',
26 silly addNameRange     '0.2.2',
26 silly addNameRange     '0.3.0',
26 silly addNameRange     '0.4.0',
26 silly addNameRange     '0.4.1',
26 silly addNameRange     '0.4.2',
26 silly addNameRange     '0.5.0',
26 silly addNameRange     '0.5.1',
26 silly addNameRange     '0.5.2',
26 silly addNameRange     '0.5.3',
26 silly addNameRange     '0.5.4',
26 silly addNameRange     '0.6.0',
26 silly addNameRange     '0.6.1',
26 silly addNameRange     '0.7.0',
26 silly addNameRange     '0.7.1',
26 silly addNameRange     '0.7.2',
26 silly addNameRange     '0.7.3',
26 silly addNameRange     '0.8.0',
26 silly addNameRange     '0.8.1',
26 silly addNameRange     '0.8.2',
26 silly addNameRange     '0.9.0',
26 silly addNameRange     '0.9.1',
26 silly addNameRange     '0.9.2',
26 silly addNameRange     '0.9.3',
26 silly addNameRange     '1.0.0',
26 silly addNameRange     '1.1.0',
26 silly addNameRange     '1.2.1',
26 silly addNameRange     '1.2.2',
26 silly addNameRange     '1.2.3',
26 silly addNameRange     '1.2.4',
26 silly addNameRange     '1.2.5',
26 silly addNameRange     '1.2.6',
26 silly addNameRange     '1.2.7',
26 silly addNameRange     '1.2.8',
26 silly addNameRange     '1.2.9',
26 silly addNameRange     '1.2.11',
26 silly addNameRange     '1.2.13',
26 silly addNameRange     '1.2.14',
26 silly addNameRange     '1.3.0',
26 silly addNameRange     '1.4.0',
26 silly addNameRange     '2.0.0',
26 silly addNameRange     '1.4.1',
26 silly addNameRange     '2.0.1',
26 silly addNameRange     '1.4.2',
26 silly addNameRange     '2.0.2',
26 silly addNameRange     '2.1.0',
26 silly addNameRange     '2.1.1',
26 silly addNameRange     '2.1.2',
26 silly addNameRange     '2.1.3',
26 silly addNameRange     '2.1.4',
26 silly addNameRange     '2.1.5',
26 silly addNameRange     '2.1.6',
26 silly addNameRange     '2.1.7',
26 silly addNameRange     '2.1.8' ] ]
27 silly addNamed n@2.1.8
28 verbose addNamed "2.1.8" is a plain semver version for n
29 silly mapToRegistry name n
30 silly mapToRegistry using default registry
31 silly mapToRegistry registry https://registry.npmjs.org/
32 silly mapToRegistry uri https://registry.npmjs.org/n
33 verbose addRemoteTarball https://registry.npmjs.org/n/-/n-2.1.8.tgz not in flight; adding
34 verbose addRemoteTarball [ 'https://registry.npmjs.org/n/-/n-2.1.8.tgz',
34 verbose addRemoteTarball   '9b770f6ae0a93c49c64fb614625a63cc5a22d1fd' ]
35 info retry fetch attempt 1 at 12:46:48
36 info attempt registry request try #1 at 12:46:48
37 http fetch GET https://registry.npmjs.org/n/-/n-2.1.8.tgz
38 http fetch 200 https://registry.npmjs.org/n/-/n-2.1.8.tgz
39 silly fetchAndShaCheck shasum 9b770f6ae0a93c49c64fb614625a63cc5a22d1fd
40 verbose addTmpTarball /var/folders/tf/hg1_w3l95t1fl005y14j0whh0000gn/T/npm-1538-d16aba4b/registry.npmjs.org/n/-/n-2.1.8.tgz not in flight; adding
41 verbose addTmpTarball already have metadata; skipping unpack for n@2.1.8
42 silly cache afterAdd n@2.1.8
43 verbose afterAdd /Users/liuxiaqi/.npm/n/2.1.8/package/package.json not in flight; writing
44 verbose afterAdd /Users/liuxiaqi/.npm/n/2.1.8/package/package.json written
45 silly install resolved [ { name: 'n',
45 silly install resolved     description: 'Interactively Manage All Your Node Versions',
45 silly install resolved     version: '2.1.8',
45 silly install resolved     author: { name: 'TJ Holowaychuk', email: 'tj@vision-media.ca' },
45 silly install resolved     homepage: 'https://github.com/tj/n',
45 silly install resolved     bugs: { url: 'https://github.com/tj/n/issues' },
45 silly install resolved     contributors: [ [Object], [Object], [Object] ],
45 silly install resolved     keywords:
45 silly install resolved      [ 'nvm',
45 silly install resolved        'node',
45 silly install resolved        'version',
45 silly install resolved        'manager',
45 silly install resolved        'switcher',
45 silly install resolved        'node',
45 silly install resolved        'binary',
45 silly install resolved        'env' ],
45 silly install resolved     bin: { n: './bin/n' },
45 silly install resolved     repository: { type: 'git', url: 'git://github.com/tj/n.git' },
45 silly install resolved     preferGlobal: true,
45 silly install resolved     os: [ '!win32' ],
45 silly install resolved     engines: { node: '*' },
45 silly install resolved     license: 'MIT',
45 silly install resolved     gitHead: '14ab6ff01f3b673e2e29f465a00e0b29643bb8d9',
45 silly install resolved     _id: 'n@2.1.8',
45 silly install resolved     _npmVersion: '5.0.3',
45 silly install resolved     _nodeVersion: '8.1.2',
45 silly install resolved     _npmUser: { name: 'troy0820', email: 'troy0820@gmail.com' },
45 silly install resolved     dist:
45 silly install resolved      { integrity: 'sha512-VN3To6jBHSdTHmv+fT00V1nBdj3MWdcOlEKBEaUtXKRqQhuN289B9Jym9P/L3rXfafAsapmh4Fcr/DUR8DGJVg==',
45 silly install resolved        shasum: '9b770f6ae0a93c49c64fb614625a63cc5a22d1fd',
45 silly install resolved        tarball: 'https://registry.npmjs.org/n/-/n-2.1.8.tgz' },
45 silly install resolved     maintainers: [ [Object], [Object], [Object], [Object], [Object], [Object] ],
45 silly install resolved     _npmOperationalInternal:
45 silly install resolved      { host: 's3://npm-registry-packages',
45 silly install resolved        tmp: 'tmp/n-2.1.8.tgz_1498880450388_0.9696143395267427' },
45 silly install resolved     directories: {},
45 silly install resolved     _shasum: '9b770f6ae0a93c49c64fb614625a63cc5a22d1fd',
45 silly install resolved     _resolved: 'https://registry.npmjs.org/n/-/n-2.1.8.tgz',
45 silly install resolved     _from: 'n@*' } ]
46 info install n@2.1.8 into /usr/local/lib
47 info installOne n@2.1.8
48 verbose installOne of n to /usr/local/lib not in flight; installing
49 verbose lock using /Users/liuxiaqi/.npm/_locks/n-a01478239d85533e.lock for /usr/local/lib/node_modules/n
50 silly install write writing n 2.1.8 to /usr/local/lib/node_modules/n
51 verbose unbuild lib/node_modules/n
52 silly gentlyRm /usr/local/lib/node_modules/n is being purged from base /usr/local
53 verbose gentlyRm don't care about contents; nuking /usr/local/lib/node_modules/n
54 verbose tar unpack /Users/liuxiaqi/.npm/n/2.1.8/package.tgz
55 verbose tar unpacking to /usr/local/lib/node_modules/n
56 silly gentlyRm /usr/local/lib/node_modules/n is being purged
57 verbose gentlyRm don't care about contents; nuking /usr/local/lib/node_modules/n
58 silly gunzTarPerm modes [ '755', '644' ]
59 error tar.unpack untar error /Users/liuxiaqi/.npm/n/2.1.8/package.tgz
60 verbose unlock done using /Users/liuxiaqi/.npm/_locks/n-a01478239d85533e.lock for /usr/local/lib/node_modules/n
61 verbose fstream_path /usr/local/lib/node_modules/n
62 verbose fstream_type Directory
63 verbose fstream_class DirWriter
64 verbose stack Error: EACCES, mkdir '/usr/local/lib/node_modules/n'
64 verbose stack     at Error (native)
65 verbose fstream_stack /usr/local/lib/node_modules/npm/node_modules/fstream/lib/dir-writer.js:35:25
65 verbose fstream_stack /usr/local/lib/node_modules/npm/node_modules/mkdirp/index.js:47:53
65 verbose fstream_stack FSReqWrap.oncomplete (fs.js:95:15)
66 verbose cwd /Users/liuxiaqi/Documents/GitHub/practice/front-end/frontend-nanodegree-arcade-game/js
67 error Darwin 16.7.0
68 error argv "node" "/usr/local/bin/npm" "install" "-g" "n"
69 error node v0.12.4
70 error npm  v2.10.1
71 error path /usr/local/lib/node_modules/n
72 error code EACCES
73 error errno -13
74 error Error: EACCES, mkdir '/usr/local/lib/node_modules/n'
74 error     at Error (native)
74 error  { [Error: EACCES, mkdir '/usr/local/lib/node_modules/n']
74 error   errno: -13,
74 error   code: 'EACCES',
74 error   path: '/usr/local/lib/node_modules/n',
74 error   fstream_type: 'Directory',
74 error   fstream_path: '/usr/local/lib/node_modules/n',
74 error   fstream_class: 'DirWriter',
74 error   fstream_stack:
74 error    [ '/usr/local/lib/node_modules/npm/node_modules/fstream/lib/dir-writer.js:35:25',
74 error      '/usr/local/lib/node_modules/npm/node_modules/mkdirp/index.js:47:53',
74 error      'FSReqWrap.oncomplete (fs.js:95:15)' ] }
75 error Please try running this command again as root/Administrator.
76 verbose exit [ -13, true ]
77 verbose unbuild lib/node_modules/n
78 silly gentlyRm /usr/local/lib/node_modules/n is being purged from base /usr/local
79 verbose gentlyRm don't care about contents; nuking /usr/local/lib/node_modules/n
